<?xml version="1.0" encoding="UTF-8"?>
<testsuite xmlns:xsi="http://www.w3.org/2001/XMLSchema-instance" xsi:noNamespaceSchemaLocation="https://maven.apache.org/surefire/maven-surefire-plugin/xsd/surefire-test-report-3.0.xsd" version="3.0" name="testing.RunCucumberTest" time="0.233" tests="1" errors="0" skipped="0" failures="0">
  <properties>
    <property name="java.specification.version" value="17"/>
    <property name="sun.cpu.isalist" value="amd64"/>
    <property name="sun.jnu.encoding" value="Cp1252"/>
    <property name="java.class.path" value="C:\_Synchronized_Code\_CT\__raravi-sudoku-app-testing\target\test-classes;C:\_Synchronized_Code\_CT\__raravi-sudoku-app-testing\target\classes;C:\Users\jeanl\.m2\repository\io\cucumber\cucumber-java\7.11.1\cucumber-java-7.11.1.jar;C:\Users\jeanl\.m2\repository\io\cucumber\cucumber-core\7.11.1\cucumber-core-7.11.1.jar;C:\Users\jeanl\.m2\repository\io\cucumber\cucumber-gherkin\7.11.1\cucumber-gherkin-7.11.1.jar;C:\Users\jeanl\.m2\repository\io\cucumber\cucumber-gherkin-messages\7.11.1\cucumber-gherkin-messages-7.11.1.jar;C:\Users\jeanl\.m2\repository\io\cucumber\gherkin\26.0.3\gherkin-26.0.3.jar;C:\Users\jeanl\.m2\repository\io\cucumber\messages\21.0.1\messages-21.0.1.jar;C:\Users\jeanl\.m2\repository\io\cucumber\tag-expressions\5.0.1\tag-expressions-5.0.1.jar;C:\Users\jeanl\.m2\repository\io\cucumber\cucumber-expressions\16.1.2\cucumber-expressions-16.1.2.jar;C:\Users\jeanl\.m2\repository\io\cucumber\datatable\7.11.1\datatable-7.11.1.jar;C:\Users\jeanl\.m2\repository\io\cucumber\cucumber-plugin\7.11.1\cucumber-plugin-7.11.1.jar;C:\Users\jeanl\.m2\repository\io\cucumber\docstring\7.11.1\docstring-7.11.1.jar;C:\Users\jeanl\.m2\repository\io\cucumber\html-formatter\20.2.1\html-formatter-20.2.1.jar;C:\Users\jeanl\.m2\repository\io\cucumber\junit-xml-formatter\0.1.0\junit-xml-formatter-0.1.0.jar;C:\Users\jeanl\.m2\repository\io\cucumber\ci-environment\9.1.0\ci-environment-9.1.0.jar;C:\Users\jeanl\.m2\repository\org\apiguardian\apiguardian-api\1.1.2\apiguardian-api-1.1.2.jar;C:\Users\jeanl\.m2\repository\io\cucumber\cucumber-junit-platform-engine\7.11.1\cucumber-junit-platform-engine-7.11.1.jar;C:\Users\jeanl\.m2\repository\org\junit\platform\junit-platform-engine\1.9.2\junit-platform-engine-1.9.2.jar;C:\Users\jeanl\.m2\repository\org\opentest4j\opentest4j\1.2.0\opentest4j-1.2.0.jar;C:\Users\jeanl\.m2\repository\org\junit\platform\junit-platform-commons\1.9.2\junit-platform-commons-1.9.2.jar;C:\Users\jeanl\.m2\repository\org\junit\platform\junit-platform-suite\1.9.2\junit-platform-suite-1.9.2.jar;C:\Users\jeanl\.m2\repository\org\junit\platform\junit-platform-suite-api\1.9.2\junit-platform-suite-api-1.9.2.jar;C:\Users\jeanl\.m2\repository\org\junit\platform\junit-platform-suite-engine\1.9.2\junit-platform-suite-engine-1.9.2.jar;C:\Users\jeanl\.m2\repository\org\junit\platform\junit-platform-suite-commons\1.9.2\junit-platform-suite-commons-1.9.2.jar;C:\Users\jeanl\.m2\repository\org\junit\platform\junit-platform-launcher\1.9.2\junit-platform-launcher-1.9.2.jar;C:\Users\jeanl\.m2\repository\org\junit\jupiter\junit-jupiter\5.9.2\junit-jupiter-5.9.2.jar;C:\Users\jeanl\.m2\repository\org\junit\jupiter\junit-jupiter-api\5.9.2\junit-jupiter-api-5.9.2.jar;C:\Users\jeanl\.m2\repository\org\junit\jupiter\junit-jupiter-params\5.9.2\junit-jupiter-params-5.9.2.jar;C:\Users\jeanl\.m2\repository\org\junit\jupiter\junit-jupiter-engine\5.9.2\junit-jupiter-engine-5.9.2.jar;"/>
    <property name="java.vm.vendor" value="Eclipse Adoptium"/>
    <property name="sun.arch.data.model" value="64"/>
    <property name="user.variant" value=""/>
    <property name="java.vendor.url" value="https://adoptium.net/"/>
    <property name="user.timezone" value="America/Chicago"/>
    <property name="os.name" value="Windows 11"/>
    <property name="java.vm.specification.version" value="17"/>
    <property name="sun.java.launcher" value="SUN_STANDARD"/>
    <property name="user.country" value="US"/>
    <property name="sun.boot.library.path" value="C:\Users\jeanl\.p2\pool\plugins\org.eclipse.justj.openjdk.hotspot.jre.full.win32.x86_64_17.0.5.v20221102-0933\jre\bin"/>
    <property name="sun.java.command" value="C:\Users\jeanl\AppData\Local\Temp\surefire4177420059018169123\surefirebooter-20230223051610228_3.jar C:\Users\jeanl\AppData\Local\Temp\surefire4177420059018169123 2023-02-23T05-16-09_797-jvmRun1 surefire-20230223051610228_1tmp surefire_0-20230223051610228_2tmp"/>
    <property name="jdk.debug" value="release"/>
    <property name="surefire.test.class.path" value="C:\_Synchronized_Code\_CT\__raravi-sudoku-app-testing\target\test-classes;C:\_Synchronized_Code\_CT\__raravi-sudoku-app-testing\target\classes;C:\Users\jeanl\.m2\repository\io\cucumber\cucumber-java\7.11.1\cucumber-java-7.11.1.jar;C:\Users\jeanl\.m2\repository\io\cucumber\cucumber-core\7.11.1\cucumber-core-7.11.1.jar;C:\Users\jeanl\.m2\repository\io\cucumber\cucumber-gherkin\7.11.1\cucumber-gherkin-7.11.1.jar;C:\Users\jeanl\.m2\repository\io\cucumber\cucumber-gherkin-messages\7.11.1\cucumber-gherkin-messages-7.11.1.jar;C:\Users\jeanl\.m2\repository\io\cucumber\gherkin\26.0.3\gherkin-26.0.3.jar;C:\Users\jeanl\.m2\repository\io\cucumber\messages\21.0.1\messages-21.0.1.jar;C:\Users\jeanl\.m2\repository\io\cucumber\tag-expressions\5.0.1\tag-expressions-5.0.1.jar;C:\Users\jeanl\.m2\repository\io\cucumber\cucumber-expressions\16.1.2\cucumber-expressions-16.1.2.jar;C:\Users\jeanl\.m2\repository\io\cucumber\datatable\7.11.1\datatable-7.11.1.jar;C:\Users\jeanl\.m2\repository\io\cucumber\cucumber-plugin\7.11.1\cucumber-plugin-7.11.1.jar;C:\Users\jeanl\.m2\repository\io\cucumber\docstring\7.11.1\docstring-7.11.1.jar;C:\Users\jeanl\.m2\repository\io\cucumber\html-formatter\20.2.1\html-formatter-20.2.1.jar;C:\Users\jeanl\.m2\repository\io\cucumber\junit-xml-formatter\0.1.0\junit-xml-formatter-0.1.0.jar;C:\Users\jeanl\.m2\repository\io\cucumber\ci-environment\9.1.0\ci-environment-9.1.0.jar;C:\Users\jeanl\.m2\repository\org\apiguardian\apiguardian-api\1.1.2\apiguardian-api-1.1.2.jar;C:\Users\jeanl\.m2\repository\io\cucumber\cucumber-junit-platform-engine\7.11.1\cucumber-junit-platform-engine-7.11.1.jar;C:\Users\jeanl\.m2\repository\org\junit\platform\junit-platform-engine\1.9.2\junit-platform-engine-1.9.2.jar;C:\Users\jeanl\.m2\repository\org\opentest4j\opentest4j\1.2.0\opentest4j-1.2.0.jar;C:\Users\jeanl\.m2\repository\org\junit\platform\junit-platform-commons\1.9.2\junit-platform-commons-1.9.2.jar;C:\Users\jeanl\.m2\repository\org\junit\platform\junit-platform-suite\1.9.2\junit-platform-suite-1.9.2.jar;C:\Users\jeanl\.m2\repository\org\junit\platform\junit-platform-suite-api\1.9.2\junit-platform-suite-api-1.9.2.jar;C:\Users\jeanl\.m2\repository\org\junit\platform\junit-platform-suite-engine\1.9.2\junit-platform-suite-engine-1.9.2.jar;C:\Users\jeanl\.m2\repository\org\junit\platform\junit-platform-suite-commons\1.9.2\junit-platform-suite-commons-1.9.2.jar;C:\Users\jeanl\.m2\repository\org\junit\platform\junit-platform-launcher\1.9.2\junit-platform-launcher-1.9.2.jar;C:\Users\jeanl\.m2\repository\org\junit\jupiter\junit-jupiter\5.9.2\junit-jupiter-5.9.2.jar;C:\Users\jeanl\.m2\repository\org\junit\jupiter\junit-jupiter-api\5.9.2\junit-jupiter-api-5.9.2.jar;C:\Users\jeanl\.m2\repository\org\junit\jupiter\junit-jupiter-params\5.9.2\junit-jupiter-params-5.9.2.jar;C:\Users\jeanl\.m2\repository\org\junit\jupiter\junit-jupiter-engine\5.9.2\junit-jupiter-engine-5.9.2.jar;"/>
    <property name="sun.cpu.endian" value="little"/>
    <property name="user.home" value="C:\Users\jeanl"/>
    <property name="user.language" value="en"/>
    <property name="java.specification.vendor" value="Oracle Corporation"/>
    <property name="java.version.date" value="2022-10-18"/>
    <property name="java.home" value="C:\Users\jeanl\.p2\pool\plugins\org.eclipse.justj.openjdk.hotspot.jre.full.win32.x86_64_17.0.5.v20221102-0933\jre"/>
    <property name="file.separator" value="\"/>
    <property name="basedir" value="C:\_Synchronized_Code\_CT\__raravi-sudoku-app-testing"/>
    <property name="java.vm.compressedOopsMode" value="Zero based"/>
    <property name="line.separator" value="&#10;"/>
    <property name="java.vm.specification.vendor" value="Oracle Corporation"/>
    <property name="java.specification.name" value="Java Platform API Specification"/>
    <property name="surefire.real.class.path" value="C:\Users\jeanl\AppData\Local\Temp\surefire4177420059018169123\surefirebooter-20230223051610228_3.jar"/>
    <property name="user.script" value=""/>
    <property name="sun.management.compiler" value="HotSpot 64-Bit Tiered Compilers"/>
    <property name="java.runtime.version" value="17.0.5+8"/>
    <property name="user.name" value="jeanl"/>
    <property name="path.separator" value=";"/>
    <property name="os.version" value="10.0"/>
    <property name="java.runtime.name" value="OpenJDK Runtime Environment"/>
    <property name="file.encoding" value="Cp1252"/>
    <property name="java.vm.name" value="OpenJDK 64-Bit Server VM"/>
    <property name="java.vendor.version" value="Temurin-17.0.5+8"/>
    <property name="localRepository" value="C:\Users\jeanl\.m2\repository"/>
    <property name="java.vendor.url.bug" value="https://github.com/adoptium/adoptium-support/issues"/>
    <property name="java.io.tmpdir" value="C:\Users\jeanl\AppData\Local\Temp\"/>
    <property name="java.version" value="17.0.5"/>
    <property name="user.dir" value="C:\_Synchronized_Code\_CT\__raravi-sudoku-app-testing"/>
    <property name="os.arch" value="amd64"/>
    <property name="java.vm.specification.name" value="Java Virtual Machine Specification"/>
    <property name="sun.os.patch.level" value=""/>
    <property name="native.encoding" value="Cp1252"/>
    <property name="java.library.path" value="C:\Users\jeanl\.p2\pool\plugins\org.eclipse.justj.openjdk.hotspot.jre.full.win32.x86_64_17.0.5.v20221102-0933\jre\bin;C:\WINDOWS\Sun\Java\bin;C:\WINDOWS\system32;C:\WINDOWS;C:\Python311\Scripts\;C:\Python311\;C:\Program Files (x86)\Microsoft SDKs\Azure\CLI2\wbin;C:\Program Files\Common Files\Oracle\Java\javapath;C:\WINDOWS\system32;C:\WINDOWS;C:\WINDOWS\System32\Wbem;C:\WINDOWS\System32\WindowsPowerShell\v1.0\;C:\WINDOWS\System32\OpenSSH\;C:\_Unsynchronized\apache-maven-3.8.1\bin;C:\_Unsynchronized\sonarqube-9.0.0.45539\bin\windows-x86-64;C:\_Unsynchronized\sonar-scanner-4.6.2.2472-windows\bin;C:\_To Synchronize_Code\ATL;C:\Program Files (x86)\FAHClient;C:\Program Files (x86)\QuickTime\QTSystem\;;C:\Program Files\PuTTY\;C:\Program Files\Docker\Docker\resources\bin;C:\Program Files\PowerShell\7\;C:\ProgramData\chocolatey\bin;C:\Program Files\nodejs\;C:\Users\jeanl\AppData\Local\Microsoft\WindowsApps;C:\Users\jeanl\AppData\Local\Programs\Git\cmd;C:\Users\jeanl\AppData\Local\Programs\Microsoft VS Code\bin;C:\_Unsynchronized\sonarqube-9.8.0.63668\bin\windows-x86-64;C:\Users\jeanl\AppData\Roaming\npm;C:\Program Files\nodejs;C:\_Unsynchronized\sonar-scanner-4.8.0.2856-windows\bin\;C:\_Unsynchronized\sonar-scanner-4.8.0.2856-windows\bin\;C:\Python311\python.exe;;."/>
    <property name="java.vm.info" value="mixed mode"/>
    <property name="java.vendor" value="Eclipse Adoptium"/>
    <property name="java.vm.version" value="17.0.5+8"/>
    <property name="sun.io.unicode.encoding" value="UnicodeLittle"/>
    <property name="java.class.version" value="61.0"/>
  </properties>
  <testcase name="The example" classname="An example" time="0.078">
    <system-out><![CDATA[
Scenario: The example                       &amp#27;[90m# testing/example.feature:3&amp#27;[0m
  &amp#27;[32mGiven &amp#27;[0m&amp#27;[32man example scenario&amp#27;[0m                 &amp#27;[90m# testing.StepDefinitions.anExampleScenario()&amp#27;[0m
  &amp#27;[32mWhen &amp#27;[0m&amp#27;[32mall step definitions are implemented&amp#27;[0m &amp#27;[90m# testing.StepDefinitions.allStepDefinitionsAreImplemented()&amp#27;[0m
  &amp#27;[32mThen &amp#27;[0m&amp#27;[32mthe scenario passes&amp#27;[0m                  &amp#27;[90m# testing.StepDefinitions.theScenarioPasses()&amp#27;[0m
]]></system-out>
  </testcase>
</testsuite>